<?xml version="1.0" encoding="UTF-8"?>
<testsuite xmlns:xsi="http://www.w3.org/2001/XMLSchema-instance" xsi:noNamespaceSchemaLocation="https://maven.apache.org/surefire/maven-surefire-plugin/xsd/surefire-test-report.xsd" name="TestSuite" time="48.608" tests="9" errors="0" skipped="0" failures="0">
  <properties>
[...]
</properties>
  <testcase name="test01" classname="com.torando.cases.Login" time="5.052"/>
  <testcase name="test02" classname="com.torando.cases.Login" time="4.147"/>
  <testcase name="test03" classname="com.torando.cases.Login" time="3.283"/>
  <testcase name="test04" classname="com.torando.cases.Login" time="4.119"/>
  <testcase name="test05" classname="com.torando.cases.Login" time="4.073"/>
  <testcase name="test06" classname="com.torando.cases.Login" time="4.138"/>
  <testcase name="test07" classname="com.torando.cases.Login" time="4.529"/>
  <testcase name="test08" classname="com.torando.cases.Login" time="4.457"/>
  <testcase name="test09" classname="com.torando.cases.Login" time="4.139"/>
</testsuite>